<?xml version="1.0" encoding="UTF-8"?>
<!-- Generated by org.testng.reporters.JUnitXMLReporter -->
<testsuite hostname="LAPTOP-7FEBO63T" ignored="0" name="Default test" tests="5" failures="0" timestamp="05 Sep 2020 06:48:33 GMT" time="0.348" errors="0">
  <testcase name="@BeforeClass triggerDependency" time="0.0" classname="com.tv.utility.TestBase">
    <failure type="org.testng.TestNGException" message="
Can inject only one of &amp;lt;ITestContext, XmlTest&amp;gt; into a @BeforeClass annotated triggerDependency.
For more information on native dependency injection please refer to http://testng.org/doc/documentation-main.html#native-dependency-injection">
      <![CDATA[org.testng.TestNGException: 
Can inject only one of <ITestContext, XmlTest> into a @BeforeClass annotated triggerDependency.
For more information on native dependency injection please refer to http://testng.org/doc/documentation-main.html#native-dependency-injection
at org.testng.internal.Parameters.checkParameterTypes(Parameters.java:407)
at org.testng.internal.Parameters.createParametersForMethod(Parameters.java:356)
at org.testng.internal.Parameters.createParameters(Parameters.java:635)
at org.testng.internal.Parameters.createConfigurationParameters(Parameters.java:190)
at org.testng.internal.Invoker.invokeConfigurations(Invoker.java:209)
at org.testng.internal.Invoker.invokeConfigurations(Invoker.java:142)
at org.testng.internal.TestMethodWorker.invokeBeforeClassMethods(TestMethodWorker.java:168)
at org.testng.internal.TestMethodWorker.run(TestMethodWorker.java:105)
at org.testng.TestRunner.privateRun(TestRunner.java:648)
at org.testng.TestRunner.run(TestRunner.java:505)
at org.testng.SuiteRunner.runTest(SuiteRunner.java:455)
at org.testng.SuiteRunner.runSequentially(SuiteRunner.java:450)
at org.testng.SuiteRunner.privateRun(SuiteRunner.java:415)
at org.testng.SuiteRunner.run(SuiteRunner.java:364)
at org.testng.SuiteRunnerWorker.runSuite(SuiteRunnerWorker.java:52)
at org.testng.SuiteRunnerWorker.run(SuiteRunnerWorker.java:84)
at org.testng.TestNG.runSuitesSequentially(TestNG.java:1208)
at org.testng.TestNG.runSuitesLocally(TestNG.java:1137)
at org.testng.TestNG.runSuites(TestNG.java:1049)
at org.testng.TestNG.run(TestNG.java:1017)
at org.testng.remote.AbstractRemoteTestNG.run(AbstractRemoteTestNG.java:132)
at org.testng.remote.RemoteTestNG.initAndRun(RemoteTestNG.java:230)
at org.testng.remote.RemoteTestNG.main(RemoteTestNG.java:76)
]]>
    </failure>
  </testcase> <!-- @BeforeClass triggerDependency -->
  <testcase name="@BeforeMethod setUp" time="0.0" classname="com.tv.testcases.WeatherTest">
    <skipped/>
  </testcase> <!-- @BeforeMethod setUp -->
  <testcase name="@BeforeMethod setUp" time="0.0" classname="com.tv.testcases.WeatherTest">
    <skipped/>
  </testcase> <!-- @BeforeMethod setUp -->
  <testcase name="@BeforeMethod setUp" time="0.0" classname="com.tv.testcases.WeatherTest">
    <skipped/>
  </testcase> <!-- @BeforeMethod setUp -->
  <testcase name="@BeforeMethod setUp" time="0.0" classname="com.tv.testcases.WeatherTest">
    <skipped/>
  </testcase> <!-- @BeforeMethod setUp -->
  <testcase name="@BeforeMethod setUp" time="0.0" classname="com.tv.testcases.WeatherTest">
    <skipped/>
  </testcase> <!-- @BeforeMethod setUp -->
  <testcase name="@AfterClass closeBrowser" time="0.0" classname="com.tv.utility.TestBase">
    <skipped/>
  </testcase> <!-- @AfterClass closeBrowser -->
  <testcase name="verifyHomePageTitle" time="0.0" classname="com.tv.testcases.WeatherTest">
    <skipped/>
  </testcase> <!-- verifyHomePageTitle -->
  <testcase name="clickNotificationPopUp" time="0.0" classname="com.tv.testcases.WeatherTest">
    <skipped/>
  </testcase> <!-- clickNotificationPopUp -->
  <testcase name="clickonWeatherTab" time="0.0" classname="com.tv.testcases.WeatherTest">
    <skipped/>
  </testcase> <!-- clickonWeatherTab -->
  <testcase name="verifyWeatherPageTitle" time="0.0" classname="com.tv.testcases.WeatherTest">
    <skipped/>
  </testcase> <!-- verifyWeatherPageTitle -->
  <testcase name="selectCity" time="0.0" classname="com.tv.testcases.WeatherTest">
    <skipped/>
  </testcase> <!-- selectCity -->
</testsuite> <!-- Default test -->
