<?xml version="1.0" encoding="UTF-8"?>
<!-- Generated by org.testng.reporters.JUnitXMLReporter -->
<testsuite hostname="W-PF2A7J2T" ignored="0" name="Compare Temprature Values" tests="3" failures="0" timestamp="07 Sep 2020 15:30:10 GMT" time="30.21" errors="0">
  <testcase name="getUITemprature" time="6.533" classname="com.tv.testcases.CompareTemp"/>
  <testcase name="getAPITemprature" time="7.87" classname="com.tv.testcases.CompareTemp"/>
  <testcase name="compareTemprature" time="0.001" classname="com.tv.testcases.CompareTemp"/>
</testsuite> <!-- Compare Temprature Values -->
