<?xml version="1.0" encoding="UTF-8"?>
<!-- Generated by org.testng.reporters.JUnitXMLReporter -->
<testsuite hostname="LAPTOP-7FEBO63T" ignored="0" name="Check UI Weather" tests="4" failures="0" timestamp="06 Sep 2020 17:03:33 GMT" time="318.053" errors="0">
  <testcase name="verifyHomePageTitle" time="2.411" classname="com.tv.testcases.WeatherTest"/>
  <testcase name="clickonWeatherTab" time="16.425" classname="com.tv.testcases.WeatherTest"/>
  <testcase name="verifyWeatherPageTitle" time="49.646" classname="com.tv.testcases.WeatherTest"/>
  <testcase name="selectCity" time="20.352" classname="com.tv.testcases.WeatherTest"/>
</testsuite> <!-- Check UI Weather -->
