<?xml version="1.0" encoding="UTF-8"?>
<!-- Generated by org.testng.reporters.JUnitXMLReporter -->
<testsuite hostname="LAPTOP-7FEBO63T" ignored="0" name="Check Weather" tests="5" failures="0" timestamp="05 Sep 2020 07:36:40 GMT" time="213.277" errors="0">
  <testcase name="verifyHomePageTitle" time="0.384" classname="com.tv.testcases.WeatherTest"/>
  <testcase name="clickNotificationPopUp" time="126.135" classname="com.tv.testcases.WeatherTest"/>
  <testcase name="clickonWeatherTab" time="10.02" classname="com.tv.testcases.WeatherTest"/>
  <testcase name="verifyWeatherPageTitle" time="4.183" classname="com.tv.testcases.WeatherTest"/>
  <testcase name="selectCity" time="5.046" classname="com.tv.testcases.WeatherTest"/>
</testsuite> <!-- Check Weather -->
