<?xml version="1.0" encoding="UTF-8"?>
<!-- Generated by org.testng.reporters.JUnitXMLReporter -->
<testsuite hostname="LAPTOP-7FEBO63T" ignored="0" name="Check UI Weather" tests="4" failures="0" timestamp="06 Sep 2020 08:46:01 GMT" time="127.317" errors="0">
  <testcase name="verifyHomePageTitle" time="8.424" classname="com.tv.testcases.WeatherTest"/>
  <testcase name="clickonWeatherTab" time="31.863" classname="com.tv.testcases.WeatherTest"/>
  <testcase name="verifyWeatherPageTitle" time="13.597" classname="com.tv.testcases.WeatherTest"/>
  <testcase name="selectCity" time="11.484" classname="com.tv.testcases.WeatherTest"/>
</testsuite> <!-- Check UI Weather -->
