<?xml version="1.0" encoding="UTF-8"?>
<!-- Generated by org.testng.reporters.JUnitXMLReporter -->
<testsuite hostname="W-PF2A7J2T" ignored="0" name="Check API Weather" tests="2" failures="0" timestamp="07 Sep 2020 15:59:40 GMT" time="4.129" errors="0">
  <testcase name="@AfterClass closeBrowser" time="0.0" classname="com.tv.utility.TestBase">
    <failure type="java.lang.NullPointerException">
      <![CDATA[java.lang.NullPointerException
at com.tv.utility.TestBase.closeBrowser(TestBase.java:49)
... Removed 26 stack frames]]>
    </failure>
  </testcase> <!-- @AfterClass closeBrowser -->
  <testcase name="verifyStatusCode" time="0.013" classname="com.tv.testcases.APIWeatherTest"/>
  <testcase name="getTemprature" time="1.067" classname="com.tv.testcases.APIWeatherTest"/>
</testsuite> <!-- Check API Weather -->
