<?xml version="1.0" encoding="UTF-8"?>
<!-- Generated by org.testng.reporters.JUnitXMLReporter -->
<testsuite hostname="W-PF2A7J2T" ignored="0" name="Compare Temprature Values" tests="3" failures="0" timestamp="07 Sep 2020 15:38:34 GMT" time="30.339" errors="0">
  <testcase name="getUITemprature" time="7.103" classname="com.tv.testcases.CompareTemp"/>
  <testcase name="getAPITemprature" time="5.113" classname="com.tv.testcases.CompareTemp"/>
  <testcase name="compareTemprature" time="0.003" classname="com.tv.testcases.CompareTemp"/>
</testsuite> <!-- Compare Temprature Values -->
