<?xml version="1.0" encoding="UTF-8"?>
<!-- Generated by org.testng.reporters.JUnitXMLReporter -->
<testsuite hostname="LAPTOP-7FEBO63T" ignored="0" name="Compare Temprature Values" tests="2" failures="1" timestamp="07 Sep 2020 12:32:19 GMT" time="0.194" errors="0">
  <testcase name="@BeforeClass triggerDependency" time="0.0" classname="com.tv.utility.TestBase">
    <failure type="org.testng.TestNGException" message="
Parameter &amp;apos;Automation&amp;apos; is required by BeforeClass on method triggerDependency but has not been marked @Optional or defined
in E:\Cowrks Project\Weather_Project\testng.xml">
      <![CDATA[org.testng.TestNGException: 
Parameter 'Automation' is required by BeforeClass on method triggerDependency but has not been marked @Optional or defined
in E:\Cowrks Project\Weather_Project\testng.xml
... Removed 23 stack frames]]>
    </failure>
  </testcase> <!-- @BeforeClass triggerDependency -->
  <testcase name="@BeforeMethod setUp" time="0.0" classname="com.tv.testcases.CompareTemp">
    <skipped/>
  </testcase> <!-- @BeforeMethod setUp -->
  <testcase name="@AfterClass closeBrowser" time="0.0" classname="com.tv.utility.TestBase">
    <skipped/>
  </testcase> <!-- @AfterClass closeBrowser -->
  <testcase name="getUITemprature" time="0.0" classname="com.tv.testcases.CompareTemp">
    <skipped/>
  </testcase> <!-- getUITemprature -->
  <testcase name="getUITemprature" time="0.072" classname="com.tv.testcases.CompareTemp">
    <failure type="java.lang.NullPointerException">
      <![CDATA[java.lang.NullPointerException
at com.tv.reports.TestListener.onTestSkipped(TestListener.java:76)
... Removed 23 stack frames]]>
    </failure>
  </testcase> <!-- getUITemprature -->
</testsuite> <!-- Compare Temprature Values -->
