<?xml version="1.0" encoding="UTF-8"?>
<testng-results skipped="0" failed="0" ignored="0" total="3" passed="3">
  <reporter-output>
  </reporter-output>
  <suite name="Weather Test Suite" duration-ms="30210" started-at="2020-09-07T15:29:40Z" finished-at="2020-09-07T15:30:10Z">
    <groups>
    </groups>
    <test name="Compare Temprature Values" duration-ms="30210" started-at="2020-09-07T15:29:40Z" finished-at="2020-09-07T15:30:10Z">
      <class name="com.tv.testcases.CompareTemp">
        <test-method status="PASS" signature="triggerDependency(java.lang.String)[pri:0, instance:com.tv.testcases.CompareTemp@5f3a4b84]" name="triggerDependency" is-config="true" duration-ms="14575" started-at="2020-09-07T15:29:40Z" finished-at="2020-09-07T15:29:55Z">
          <params>
            <param index="0">
              <value>
                <![CDATA[Web]]>
              </value>
            </param>
          </params>
          <reporter-output>
          </reporter-output>
        </test-method> <!-- triggerDependency -->
        <test-method status="PASS" signature="setUp()[pri:0, instance:com.tv.testcases.CompareTemp@5f3a4b84]" name="setUp" is-config="true" duration-ms="76" started-at="2020-09-07T15:29:55Z" finished-at="2020-09-07T15:29:55Z">
          <reporter-output>
          </reporter-output>
        </test-method> <!-- setUp -->
        <test-method status="PASS" signature="getUITemprature()[pri:1, instance:com.tv.testcases.CompareTemp@5f3a4b84]" name="getUITemprature" duration-ms="6533" started-at="2020-09-07T15:29:55Z" finished-at="2020-09-07T15:30:01Z">
          <reporter-output>
          </reporter-output>
        </test-method> <!-- getUITemprature -->
        <test-method status="PASS" signature="setUp()[pri:0, instance:com.tv.testcases.CompareTemp@5f3a4b84]" name="setUp" is-config="true" duration-ms="1" started-at="2020-09-07T15:30:01Z" finished-at="2020-09-07T15:30:01Z">
          <reporter-output>
          </reporter-output>
        </test-method> <!-- setUp -->
        <test-method status="PASS" signature="getAPITemprature()[pri:2, instance:com.tv.testcases.CompareTemp@5f3a4b84]" name="getAPITemprature" duration-ms="7870" started-at="2020-09-07T15:30:01Z" finished-at="2020-09-07T15:30:09Z">
          <reporter-output>
          </reporter-output>
        </test-method> <!-- getAPITemprature -->
        <test-method status="PASS" signature="setUp()[pri:0, instance:com.tv.testcases.CompareTemp@5f3a4b84]" name="setUp" is-config="true" duration-ms="2" started-at="2020-09-07T15:30:09Z" finished-at="2020-09-07T15:30:09Z">
          <reporter-output>
          </reporter-output>
        </test-method> <!-- setUp -->
        <test-method status="PASS" signature="compareTemprature()[pri:3, instance:com.tv.testcases.CompareTemp@5f3a4b84]" name="compareTemprature" duration-ms="1" started-at="2020-09-07T15:30:09Z" finished-at="2020-09-07T15:30:09Z">
          <reporter-output>
          </reporter-output>
        </test-method> <!-- compareTemprature -->
        <test-method status="PASS" signature="closeBrowser()[pri:0, instance:com.tv.testcases.CompareTemp@5f3a4b84]" name="closeBrowser" is-config="true" duration-ms="1119" started-at="2020-09-07T15:30:09Z" finished-at="2020-09-07T15:30:10Z">
          <reporter-output>
          </reporter-output>
        </test-method> <!-- closeBrowser -->
      </class> <!-- com.tv.testcases.CompareTemp -->
    </test> <!-- Compare Temprature Values -->
  </suite> <!-- Weather Test Suite -->
</testng-results>
