<?xml version="1.0" encoding="UTF-8"?>
<testng-results skipped="0" failed="0" ignored="0" total="6" passed="6">
  <reporter-output>
  </reporter-output>
  <suite name="Weather Test Suite" duration-ms="30067" started-at="2020-09-07T15:59:35Z" finished-at="2020-09-07T16:00:05Z">
    <groups>
    </groups>
    <test name="Check API Weather" duration-ms="4129" started-at="2020-09-07T15:59:35Z" finished-at="2020-09-07T15:59:39Z">
      <class name="com.tv.testcases.APIWeatherTest">
        <test-method status="PASS" signature="triggerDependency(java.lang.String)[pri:0, instance:com.tv.testcases.APIWeatherTest@3439f68d]" name="triggerDependency" is-config="true" duration-ms="63" started-at="2020-09-07T15:59:35Z" finished-at="2020-09-07T15:59:35Z">
          <params>
            <param index="0">
              <value>
                <![CDATA[API]]>
              </value>
            </param>
          </params>
          <reporter-output>
          </reporter-output>
        </test-method> <!-- triggerDependency -->
        <test-method status="PASS" signature="generateURL_MemberDetails()[pri:0, instance:com.tv.testcases.APIWeatherTest@3439f68d]" name="generateURL_MemberDetails" is-config="true" duration-ms="2936" started-at="2020-09-07T15:59:35Z" finished-at="2020-09-07T15:59:38Z">
          <reporter-output>
          </reporter-output>
        </test-method> <!-- generateURL_MemberDetails -->
        <test-method status="PASS" signature="verifyStatusCode()[pri:1, instance:com.tv.testcases.APIWeatherTest@3439f68d]" name="verifyStatusCode" duration-ms="13" started-at="2020-09-07T15:59:38Z" finished-at="2020-09-07T15:59:38Z">
          <reporter-output>
          </reporter-output>
        </test-method> <!-- verifyStatusCode -->
        <test-method status="PASS" signature="getTemprature()[pri:2, instance:com.tv.testcases.APIWeatherTest@3439f68d]" name="getTemprature" duration-ms="1067" started-at="2020-09-07T15:59:38Z" finished-at="2020-09-07T15:59:39Z">
          <reporter-output>
          </reporter-output>
        </test-method> <!-- getTemprature -->
        <test-method status="FAIL" signature="closeBrowser()[pri:0, instance:com.tv.testcases.APIWeatherTest@3439f68d]" name="closeBrowser" is-config="true" duration-ms="0" started-at="2020-09-07T15:59:39Z" finished-at="2020-09-07T15:59:39Z">
          <exception class="java.lang.NullPointerException">
            <full-stacktrace>
              <![CDATA[java.lang.NullPointerException
at com.tv.utility.TestBase.closeBrowser(TestBase.java:49)
at sun.reflect.NativeMethodAccessorImpl.invoke0(Native Method)
at sun.reflect.NativeMethodAccessorImpl.invoke(NativeMethodAccessorImpl.java:62)
at sun.reflect.DelegatingMethodAccessorImpl.invoke(DelegatingMethodAccessorImpl.java:43)
at java.lang.reflect.Method.invoke(Method.java:498)
at org.testng.internal.MethodInvocationHelper.invokeMethod(MethodInvocationHelper.java:124)
at org.testng.internal.MethodInvocationHelper.invokeMethodConsideringTimeout(MethodInvocationHelper.java:59)
at org.testng.internal.Invoker.invokeConfigurationMethod(Invoker.java:458)
at org.testng.internal.Invoker.invokeConfigurations(Invoker.java:222)
at org.testng.internal.Invoker.invokeConfigurations(Invoker.java:142)
at org.testng.internal.TestMethodWorker.invokeAfterClassMethods(TestMethodWorker.java:214)
at org.testng.internal.TestMethodWorker.run(TestMethodWorker.java:111)
at org.testng.TestRunner.privateRun(TestRunner.java:648)
at org.testng.TestRunner.run(TestRunner.java:505)
at org.testng.SuiteRunner.runTest(SuiteRunner.java:455)
at org.testng.SuiteRunner.runSequentially(SuiteRunner.java:450)
at org.testng.SuiteRunner.privateRun(SuiteRunner.java:415)
at org.testng.SuiteRunner.run(SuiteRunner.java:364)
at org.testng.SuiteRunnerWorker.runSuite(SuiteRunnerWorker.java:52)
at org.testng.SuiteRunnerWorker.run(SuiteRunnerWorker.java:84)
at org.testng.TestNG.runSuitesSequentially(TestNG.java:1208)
at org.testng.TestNG.runSuitesLocally(TestNG.java:1137)
at org.testng.TestNG.runSuites(TestNG.java:1049)
at org.testng.TestNG.run(TestNG.java:1017)
at org.testng.remote.AbstractRemoteTestNG.run(AbstractRemoteTestNG.java:114)
at org.testng.remote.RemoteTestNG.initAndRun(RemoteTestNG.java:251)
at org.testng.remote.RemoteTestNG.main(RemoteTestNG.java:77)
]]>
            </full-stacktrace>
          </exception> <!-- java.lang.NullPointerException -->
          <reporter-output>
          </reporter-output>
        </test-method> <!-- closeBrowser -->
      </class> <!-- com.tv.testcases.APIWeatherTest -->
    </test> <!-- Check API Weather -->
    <test name="Check UI Weather" duration-ms="25555" started-at="2020-09-07T15:59:40Z" finished-at="2020-09-07T16:00:05Z">
      <class name="com.tv.testcases.WeatherTest">
        <test-method status="PASS" signature="triggerDependency(java.lang.String)[pri:0, instance:com.tv.testcases.WeatherTest@49c43f4e]" name="triggerDependency" is-config="true" duration-ms="14355" started-at="2020-09-07T15:59:40Z" finished-at="2020-09-07T15:59:54Z">
          <params>
            <param index="0">
              <value>
                <![CDATA[Web]]>
              </value>
            </param>
          </params>
          <reporter-output>
          </reporter-output>
        </test-method> <!-- triggerDependency -->
        <test-method status="PASS" signature="setUp()[pri:0, instance:com.tv.testcases.WeatherTest@49c43f4e]" name="setUp" is-config="true" duration-ms="143" started-at="2020-09-07T15:59:54Z" finished-at="2020-09-07T15:59:54Z">
          <reporter-output>
          </reporter-output>
        </test-method> <!-- setUp -->
        <test-method status="PASS" signature="verifyHomePageTitle()[pri:1, instance:com.tv.testcases.WeatherTest@49c43f4e]" name="verifyHomePageTitle" duration-ms="2068" started-at="2020-09-07T15:59:54Z" finished-at="2020-09-07T15:59:56Z">
          <reporter-output>
          </reporter-output>
        </test-method> <!-- verifyHomePageTitle -->
        <test-method status="PASS" signature="setUp()[pri:0, instance:com.tv.testcases.WeatherTest@49c43f4e]" name="setUp" is-config="true" duration-ms="1" started-at="2020-09-07T15:59:56Z" finished-at="2020-09-07T15:59:56Z">
          <reporter-output>
          </reporter-output>
        </test-method> <!-- setUp -->
        <test-method status="PASS" signature="clickonWeatherTab()[pri:3, instance:com.tv.testcases.WeatherTest@49c43f4e]" name="clickonWeatherTab" duration-ms="3024" started-at="2020-09-07T15:59:56Z" finished-at="2020-09-07T15:59:59Z">
          <reporter-output>
          </reporter-output>
        </test-method> <!-- clickonWeatherTab -->
        <test-method status="PASS" signature="setUp()[pri:0, instance:com.tv.testcases.WeatherTest@49c43f4e]" name="setUp" is-config="true" duration-ms="2" started-at="2020-09-07T15:59:59Z" finished-at="2020-09-07T15:59:59Z">
          <reporter-output>
          </reporter-output>
        </test-method> <!-- setUp -->
        <test-method status="PASS" signature="verifyWeatherPageTitle()[pri:4, instance:com.tv.testcases.WeatherTest@49c43f4e]" name="verifyWeatherPageTitle" duration-ms="1717" started-at="2020-09-07T15:59:59Z" finished-at="2020-09-07T16:00:01Z">
          <reporter-output>
          </reporter-output>
        </test-method> <!-- verifyWeatherPageTitle -->
        <test-method status="PASS" signature="setUp()[pri:0, instance:com.tv.testcases.WeatherTest@49c43f4e]" name="setUp" is-config="true" duration-ms="2" started-at="2020-09-07T16:00:01Z" finished-at="2020-09-07T16:00:01Z">
          <reporter-output>
          </reporter-output>
        </test-method> <!-- setUp -->
        <test-method status="PASS" signature="selectCity()[pri:5, instance:com.tv.testcases.WeatherTest@49c43f4e]" name="selectCity" duration-ms="3201" started-at="2020-09-07T16:00:01Z" finished-at="2020-09-07T16:00:04Z">
          <reporter-output>
          </reporter-output>
        </test-method> <!-- selectCity -->
        <test-method status="PASS" signature="closeBrowser()[pri:0, instance:com.tv.testcases.WeatherTest@49c43f4e]" name="closeBrowser" is-config="true" duration-ms="1026" started-at="2020-09-07T16:00:04Z" finished-at="2020-09-07T16:00:05Z">
          <reporter-output>
          </reporter-output>
        </test-method> <!-- closeBrowser -->
      </class> <!-- com.tv.testcases.WeatherTest -->
    </test> <!-- Check UI Weather -->
  </suite> <!-- Weather Test Suite -->
</testng-results>
