<?xml version="1.0" encoding="UTF-8"?>
<testng-results skipped="0" failed="1" ignored="0" total="3" passed="2">
  <reporter-output>
  </reporter-output>
  <suite name="Weather Test Suite" duration-ms="63522" started-at="2020-09-17T10:53:29Z" finished-at="2020-09-17T10:54:32Z">
    <groups>
    </groups>
    <test name="Compare Temprature Values" duration-ms="63522" started-at="2020-09-17T10:53:29Z" finished-at="2020-09-17T10:54:32Z">
      <class name="com.tv.testcases.CompareTemp">
        <test-method status="PASS" signature="triggerDependency(java.lang.String)[pri:0, instance:com.tv.testcases.CompareTemp@dbd940d]" name="triggerDependency" is-config="true" duration-ms="13001" started-at="2020-09-17T10:53:29Z" finished-at="2020-09-17T10:53:42Z">
          <params>
            <param index="0">
              <value>
                <![CDATA[Web]]>
              </value>
            </param>
          </params>
          <reporter-output>
          </reporter-output>
        </test-method> <!-- triggerDependency -->
        <test-method status="PASS" signature="setUp()[pri:0, instance:com.tv.testcases.CompareTemp@dbd940d]" name="setUp" is-config="true" duration-ms="53" started-at="2020-09-17T10:53:42Z" finished-at="2020-09-17T10:53:42Z">
          <reporter-output>
          </reporter-output>
        </test-method> <!-- setUp -->
        <test-method status="FAIL" signature="getUITemprature()[pri:1, instance:com.tv.testcases.CompareTemp@dbd940d]" name="getUITemprature" duration-ms="44568" started-at="2020-09-17T10:53:42Z" finished-at="2020-09-17T10:54:26Z">
          <exception class="org.openqa.selenium.NoSuchElementException">
            <message>
              <![CDATA[no such element: Unable to locate element: {"method":"xpath","selector":"//div[text()='Kanpur']"}
  (Session info: chrome=85.0.4183.102)
For documentation on this error, please visit: http://seleniumhq.org/exceptions/no_such_element.html
Build info: version: '3.8.1', revision: '6e95a6684b', time: '2017-12-01T18:33:54.468Z'
System info: host: 'W-PF2A7J2T', ip: '10.177.101.32', os.name: 'Windows 10', os.arch: 'amd64', os.version: '10.0', java.version: '1.8.0_261'
Driver info: org.openqa.selenium.chrome.ChromeDriver
Capabilities {acceptInsecureCerts: false, browserName: chrome, browserVersion: 85.0.4183.102, chrome: {chromedriverVersion: 85.0.4183.87 (cd6713ebf92fa..., userDataDir: C:\Users\C5312284\AppData\L...}, goog:chromeOptions: {debuggerAddress: localhost:52538}, javascriptEnabled: true, networkConnectionEnabled: false, pageLoadStrategy: normal, platform: WINDOWS, platformName: WINDOWS, proxy: Proxy(), setWindowRect: true, strictFileInteractability: false, timeouts: {implicit: 0, pageLoad: 300000, script: 30000}, unhandledPromptBehavior: dismiss and notify, webauthn:virtualAuthenticators: true}
Session ID: 1f264e2cfffc8e2ac0fe5499ad0d9544
*** Element info: {Using=xpath, value=//div[text()='Kanpur']}]]>
            </message>
            <full-stacktrace>
              <![CDATA[org.openqa.selenium.NoSuchElementException: no such element: Unable to locate element: {"method":"xpath","selector":"//div[text()='Kanpur']"}
  (Session info: chrome=85.0.4183.102)
For documentation on this error, please visit: http://seleniumhq.org/exceptions/no_such_element.html
Build info: version: '3.8.1', revision: '6e95a6684b', time: '2017-12-01T18:33:54.468Z'
System info: host: 'W-PF2A7J2T', ip: '10.177.101.32', os.name: 'Windows 10', os.arch: 'amd64', os.version: '10.0', java.version: '1.8.0_261'
Driver info: org.openqa.selenium.chrome.ChromeDriver
Capabilities {acceptInsecureCerts: false, browserName: chrome, browserVersion: 85.0.4183.102, chrome: {chromedriverVersion: 85.0.4183.87 (cd6713ebf92fa..., userDataDir: C:\Users\C5312284\AppData\L...}, goog:chromeOptions: {debuggerAddress: localhost:52538}, javascriptEnabled: true, networkConnectionEnabled: false, pageLoadStrategy: normal, platform: WINDOWS, platformName: WINDOWS, proxy: Proxy(), setWindowRect: true, strictFileInteractability: false, timeouts: {implicit: 0, pageLoad: 300000, script: 30000}, unhandledPromptBehavior: dismiss and notify, webauthn:virtualAuthenticators: true}
Session ID: 1f264e2cfffc8e2ac0fe5499ad0d9544
*** Element info: {Using=xpath, value=//div[text()='Kanpur']}
at sun.reflect.NativeConstructorAccessorImpl.newInstance0(Native Method)
at sun.reflect.NativeConstructorAccessorImpl.newInstance(NativeConstructorAccessorImpl.java:62)
at sun.reflect.DelegatingConstructorAccessorImpl.newInstance(DelegatingConstructorAccessorImpl.java:45)
at java.lang.reflect.Constructor.newInstance(Constructor.java:423)
at org.openqa.selenium.remote.http.W3CHttpResponseCodec.createException(W3CHttpResponseCodec.java:187)
at org.openqa.selenium.remote.http.W3CHttpResponseCodec.decode(W3CHttpResponseCodec.java:122)
at org.openqa.selenium.remote.http.W3CHttpResponseCodec.decode(W3CHttpResponseCodec.java:49)
at org.openqa.selenium.remote.HttpCommandExecutor.execute(HttpCommandExecutor.java:164)
at org.openqa.selenium.remote.service.DriverCommandExecutor.execute(DriverCommandExecutor.java:83)
at org.openqa.selenium.remote.RemoteWebDriver.execute(RemoteWebDriver.java:601)
at org.openqa.selenium.remote.RemoteWebDriver.findElement(RemoteWebDriver.java:371)
at org.openqa.selenium.remote.RemoteWebDriver.findElementByXPath(RemoteWebDriver.java:473)
at org.openqa.selenium.By$ByXPath.findElement(By.java:361)
at org.openqa.selenium.remote.RemoteWebDriver.findElement(RemoteWebDriver.java:363)
at com.tv.pom.pages.NdtvWeatherPage.getWeather(NdtvWeatherPage.java:67)
at com.tv.testcases.CompareTemp.getUITemprature(CompareTemp.java:44)
at sun.reflect.NativeMethodAccessorImpl.invoke0(Native Method)
at sun.reflect.NativeMethodAccessorImpl.invoke(NativeMethodAccessorImpl.java:62)
at sun.reflect.DelegatingMethodAccessorImpl.invoke(DelegatingMethodAccessorImpl.java:43)
at java.lang.reflect.Method.invoke(Method.java:498)
at org.testng.internal.MethodInvocationHelper.invokeMethod(MethodInvocationHelper.java:124)
at org.testng.internal.Invoker.invokeMethod(Invoker.java:583)
at org.testng.internal.Invoker.invokeTestMethod(Invoker.java:719)
at org.testng.internal.Invoker.invokeTestMethods(Invoker.java:989)
at org.testng.internal.TestMethodWorker.invokeTestMethods(TestMethodWorker.java:125)
at org.testng.internal.TestMethodWorker.run(TestMethodWorker.java:109)
at org.testng.TestRunner.privateRun(TestRunner.java:648)
at org.testng.TestRunner.run(TestRunner.java:505)
at org.testng.SuiteRunner.runTest(SuiteRunner.java:455)
at org.testng.SuiteRunner.runSequentially(SuiteRunner.java:450)
at org.testng.SuiteRunner.privateRun(SuiteRunner.java:415)
at org.testng.SuiteRunner.run(SuiteRunner.java:364)
at org.testng.SuiteRunnerWorker.runSuite(SuiteRunnerWorker.java:52)
at org.testng.SuiteRunnerWorker.run(SuiteRunnerWorker.java:84)
at org.testng.TestNG.runSuitesSequentially(TestNG.java:1208)
at org.testng.TestNG.runSuitesLocally(TestNG.java:1137)
at org.testng.TestNG.runSuites(TestNG.java:1049)
at org.testng.TestNG.run(TestNG.java:1017)
at org.testng.remote.AbstractRemoteTestNG.run(AbstractRemoteTestNG.java:114)
at org.testng.remote.RemoteTestNG.initAndRun(RemoteTestNG.java:251)
at org.testng.remote.RemoteTestNG.main(RemoteTestNG.java:77)
]]>
            </full-stacktrace>
          </exception> <!-- org.openqa.selenium.NoSuchElementException -->
          <reporter-output>
          </reporter-output>
        </test-method> <!-- getUITemprature -->
        <test-method status="PASS" signature="getAPITemprature()[pri:2, instance:com.tv.testcases.CompareTemp@dbd940d]" name="getAPITemprature" duration-ms="2560" started-at="2020-09-17T10:54:29Z" finished-at="2020-09-17T10:54:31Z">
          <reporter-output>
          </reporter-output>
        </test-method> <!-- getAPITemprature -->
        <test-method status="PASS" signature="setUp()[pri:0, instance:com.tv.testcases.CompareTemp@dbd940d]" name="setUp" is-config="true" duration-ms="0" started-at="2020-09-17T10:54:29Z" finished-at="2020-09-17T10:54:29Z">
          <reporter-output>
          </reporter-output>
        </test-method> <!-- setUp -->
        <test-method status="PASS" signature="setUp()[pri:0, instance:com.tv.testcases.CompareTemp@dbd940d]" name="setUp" is-config="true" duration-ms="1" started-at="2020-09-17T10:54:31Z" finished-at="2020-09-17T10:54:31Z">
          <reporter-output>
          </reporter-output>
        </test-method> <!-- setUp -->
        <test-method status="PASS" signature="compareTemprature()[pri:3, instance:com.tv.testcases.CompareTemp@dbd940d]" name="compareTemprature" duration-ms="1" started-at="2020-09-17T10:54:31Z" finished-at="2020-09-17T10:54:31Z">
          <reporter-output>
          </reporter-output>
        </test-method> <!-- compareTemprature -->
        <test-method status="PASS" signature="closeBrowser()[pri:0, instance:com.tv.testcases.CompareTemp@dbd940d]" name="closeBrowser" is-config="true" duration-ms="855" started-at="2020-09-17T10:54:31Z" finished-at="2020-09-17T10:54:32Z">
          <reporter-output>
          </reporter-output>
        </test-method> <!-- closeBrowser -->
      </class> <!-- com.tv.testcases.CompareTemp -->
    </test> <!-- Compare Temprature Values -->
  </suite> <!-- Weather Test Suite -->
</testng-results>
